<?xml version="1.0" encoding="UTF-8"?>
<!-- Generated by org.testng.reporters.JUnitReportReporter -->
<testsuite hostname="LAPTOP-82TEHI5A" failures="0" tests="1" name="testscripts.SecondTest" time="42.271" errors="0" timestamp="2023-01-29T12:23:51 IST" skipped="0">
  <testcase classname="testscripts.SecondTest" name="secondTest" time="42.271"/>
  <system-out/>
</testsuite> <!-- testscripts.SecondTest -->
