<?xml version="1.0" encoding="UTF-8"?>
<!-- Generated by org.testng.reporters.JUnitReportReporter -->
<testsuite hostname="LAPTOP-82TEHI5A" failures="0" tests="1" name="testscripts.FirstTest" time="42.642" errors="0" timestamp="2023-01-29T13:18:00 IST" skipped="0">
  <testcase classname="testscripts.FirstTest" name="firstTest" time="42.642"/>
  <system-out/>
</testsuite> <!-- testscripts.FirstTest -->
